<?xml version="1.0" encoding="UTF-8"?>
<!-- Generated by org.testng.reporters.JUnitReportReporter -->
<testsuite hostname="DESKTOP-9TT09F0" failures="0" tests="1" name="com.selenium.masterpart1.ExtractTextInSelenium" time="6.851" errors="0" timestamp="2021-10-23T13:13:07 IST" skipped="0">
  <testcase classname="com.selenium.masterpart1.ExtractTextInSelenium" name="test" time="6.851"/>
  <system-out/>
</testsuite> <!-- com.selenium.masterpart1.ExtractTextInSelenium -->
