<?xml version="1.0" encoding="UTF-8"?>
<!-- Generated by org.testng.reporters.JUnitReportReporter -->
<testsuite hostname="DESKTOP-9TT09F0" failures="0" tests="1" name="selenium.MasterPart3.DownloadFileInSelenium" time="5.429" errors="0" timestamp="2021-12-10T22:24:11 IST" skipped="0">
  <testcase classname="selenium.MasterPart3.DownloadFileInSelenium" name="download" time="5.429"/>
  <system-out/>
</testsuite> <!-- selenium.MasterPart3.DownloadFileInSelenium -->
