<?xml version="1.0" encoding="UTF-8"?>
<!-- Generated by org.testng.reporters.JUnitReportReporter -->
<testsuite hostname="DESKTOP-9TT09F0" failures="0" tests="1" name="selenium.MasterPart2.HandelBrowserWindows" time="12.265" errors="0" timestamp="2021-12-04T21:35:03 IST" skipped="0">
  <testcase classname="selenium.MasterPart2.HandelBrowserWindows" name="manage" time="12.265"/>
  <system-out/>
</testsuite> <!-- selenium.MasterPart2.HandelBrowserWindows -->
