<?xml version="1.0" encoding="UTF-8"?>
<!-- Generated by org.testng.reporters.JUnitReportReporter -->
<testsuite hostname="DESKTOP-9TT09F0" failures="0" tests="2" name="com.selenium.masterpart1.TabSwitching" time="18.275" errors="0" timestamp="2021-10-31T21:11:42 IST" skipped="0">
  <testcase classname="com.selenium.masterpart1.TabSwitching" name="launch" time="14.453"/>
  <system-out/>
  <testcase classname="com.selenium.masterpart1.TabSwitching" name="switchTab" time="3.822"/>
  <system-out/>
</testsuite> <!-- com.selenium.masterpart1.TabSwitching -->
