<?xml version="1.0" encoding="UTF-8"?>
<!-- Generated by org.testng.reporters.JUnitReportReporter -->
<testsuite hostname="DESKTOP-9TT09F0" failures="0" tests="2" name="selenium.MasterPart2.HandelWindow" time="11.056" errors="0" timestamp="2022-01-04T14:26:07 IST" skipped="0">
  <testcase classname="selenium.MasterPart2.HandelWindow" name="invoke" time="5.269"/>
  <system-out/>
  <testcase classname="selenium.MasterPart2.HandelWindow" name="test" time="5.787"/>
  <system-out/>
</testsuite> <!-- selenium.MasterPart2.HandelWindow -->
