<?xml version="1.0" encoding="UTF-8"?>
<!-- Generated by org.testng.reporters.JUnitReportReporter -->
<testsuite hostname="DESKTOP-9TT09F0" failures="0" tests="1" name="selenium.MasterPart2.ManageDropDownInSelenium" time="10.840" errors="0" timestamp="2021-12-02T23:32:29 IST" skipped="0">
  <testcase classname="selenium.MasterPart2.ManageDropDownInSelenium" name="dropdown" time="10.840"/>
  <system-out/>
</testsuite> <!-- selenium.MasterPart2.ManageDropDownInSelenium -->
