<?xml version="1.0" encoding="UTF-8"?>
<!-- Generated by org.testng.reporters.JUnitReportReporter -->
<testsuite hostname="DESKTOP-9TT09F0" failures="0" tests="2" name="com.selenium.masterpart1.MultiSelect" time="11.459" errors="0" timestamp="2021-10-31T19:25:25 IST" skipped="0">
  <testcase classname="com.selenium.masterpart1.MultiSelect" name="launch" time="8.658"/>
  <system-out/>
  <testcase classname="com.selenium.masterpart1.MultiSelect" name="multiselect" time="2.801"/>
  <system-out/>
</testsuite> <!-- com.selenium.masterpart1.MultiSelect -->
