<?xml version="1.0" encoding="UTF-8"?>
<!-- Generated by org.testng.reporters.JUnitReportReporter -->
<testsuite hostname="DESKTOP-9TT09F0" failures="0" tests="4" name="com.selenium.webelement.RediffTest" time="73.621" errors="0" timestamp="2021-10-17T18:09:17 IST" skipped="0">
  <testcase classname="com.selenium.webelement.RediffTest" name="choicebrowser" time="46.669"/>
  <system-out/>
  <testcase classname="com.selenium.webelement.RediffTest" name="redifflaunch" time="6.404"/>
  <system-out/>
  <testcase classname="com.selenium.webelement.RediffTest" name="launchurl" time="14.451"/>
  <system-out/>
  <testcase classname="com.selenium.webelement.RediffTest" name="signIn" time="6.097"/>
  <system-out/>
</testsuite> <!-- com.selenium.webelement.RediffTest -->
