<?xml version="1.0" encoding="UTF-8"?>
<!-- Generated by org.testng.reporters.JUnitReportReporter -->
<testsuite hostname="DESKTOP-9TT09F0" failures="0" tests="1" name="com.selenium.masterpart1.ManageDropDownInSelenium" time="11.948" errors="0" timestamp="2021-12-02T23:29:15 IST" skipped="0">
  <testcase classname="com.selenium.masterpart1.ManageDropDownInSelenium" name="dropdown" time="11.948"/>
  <system-out/>
</testsuite> <!-- com.selenium.masterpart1.ManageDropDownInSelenium -->
