<?xml version="1.0" encoding="UTF-8"?>
<!-- Generated by org.testng.reporters.JUnitReportReporter -->
<testsuite hostname="DESKTOP-9TT09F0" failures="0" tests="1" name="RevisionSelenium.com.Selenium.basic.FacebookLogin" time="8.874" errors="0" timestamp="2021-10-13T09:23:58 IST" skipped="0">
  <testcase classname="RevisionSelenium.com.Selenium.basic.FacebookLogin" name="FacebookLaunch" time="8.874"/>
  <system-out/>
</testsuite> <!-- RevisionSelenium.com.Selenium.basic.FacebookLogin -->
