<?xml version="1.0" encoding="UTF-8"?>
<!-- Generated by org.testng.reporters.JUnitReportReporter -->
<testsuite hostname="DESKTOP-9TT09F0" failures="0" tests="1" name="selenium.MasterPart2.DragAndDropInSelenium" time="6.141" errors="0" timestamp="2021-12-07T17:19:56 IST" skipped="0">
  <testcase classname="selenium.MasterPart2.DragAndDropInSelenium" name="customdragAndDrop" time="6.141"/>
  <system-out/>
</testsuite> <!-- selenium.MasterPart2.DragAndDropInSelenium -->
