<?xml version="1.0" encoding="UTF-8"?>
<!-- Generated by org.testng.reporters.JUnitReportReporter -->
<testsuite hostname="DESKTOP-9TT09F0" failures="0" tests="1" name="selenium.MasterPart3.ScrollDown" time="47.051" errors="0" timestamp="2021-12-08T23:16:45 IST" skipped="0">
  <testcase classname="selenium.MasterPart3.ScrollDown" name="execute" time="47.051"/>
  <system-out/>
</testsuite> <!-- selenium.MasterPart3.ScrollDown -->
