<?xml version="1.0" encoding="UTF-8"?>
<!-- Generated by org.testng.reporters.JUnitReportReporter -->
<testsuite hostname="DESKTOP-9TT09F0" failures="0" tests="1" name="selenium.MasterPart2.HandelAlerts" time="36.185" errors="0" timestamp="2021-12-04T22:20:18 IST" skipped="0">
  <testcase classname="selenium.MasterPart2.HandelAlerts" name="HandelAlert" time="36.185"/>
  <system-out/>
</testsuite> <!-- selenium.MasterPart2.HandelAlerts -->
