<?xml version="1.0" encoding="UTF-8"?>
<!-- Generated by org.testng.reporters.JUnitReportReporter -->
<testsuite hostname="DESKTOP-9TT09F0" failures="0" tests="1" name="com.selenium.masterpart1.HandelAkerts" time="41.375" errors="0" timestamp="2021-11-09T17:20:35 IST" skipped="0">
  <testcase classname="com.selenium.masterpart1.HandelAkerts" name="test" time="41.375"/>
  <system-out/>
</testsuite> <!-- com.selenium.masterpart1.HandelAkerts -->
